build/app/outputs/mapping/r8/release/mapping.txt
# compiler: R8
# compiler_version: 1.2.49
# min_api: 16
...
com.google.gson.internal.bind.TypeAdapters$30 -> b.b.a.b.a.U:
    com.google.gson.TypeAdapter create(com.google.gson.Gson,com.google.gson.reflect.TypeToken) -> a
com.google.gson.internal.bind.TypeAdapters$32 -> b.b.a.b.a.V:
    com.google.gson.TypeAdapter val$typeAdapter -> b
    java.lang.Class val$type -> a
    com.google.gson.TypeAdapter create(com.google.gson.Gson,com.google.gson.reflect.TypeToken) -> a
com.google.gson.internal.bind.TypeAdapters$33 -> b.b.a.b.a.W:
    com.google.gson.TypeAdapter val$typeAdapter -> c
    java.lang.Class val$boxed -> b
    java.lang.Class val$unboxed -> a
    com.google.gson.TypeAdapter create(com.google.gson.Gson,com.google.gson.reflect.TypeToken) -> a
com.google.gson.internal.bind.TypeAdapters$34 -> b.b.a.b.a.X:
    com.google.gson.TypeAdapter val$typeAdapter -> c
    java.lang.Class val$base -> a
    java.lang.Class val$sub -> b
    com.google.gson.TypeAdapter create(com.google.gson.Gson,com.google.gson.reflect.TypeToken) -> a
com.google.gson.internal.bind.TypeAdapters$35 -> b.b.a.b.a.Z:
    com.google.gson.TypeAdapter val$typeAdapter -> b
    java.lang.Class val$clazz -> a
    com.google.gson.TypeAdapter create(com.google.gson.Gson,com.google.gson.reflect.TypeToken) -> a
com.google.gson.internal.bind.TypeAdapters$35$1 -> b.b.a.b.a.Y:
    com.google.gson.internal.bind.TypeAdapters$35 this$0 -> b
    java.lang.Class val$requestedType -> a
    java.lang.Object read(com.google.gson.stream.JsonReader) -> a
    void write(com.google.gson.stream.JsonWriter,java.lang.Object) -> a
com.google.gson.internal.bind.TypeAdapters$36 -> b.b.a.b.a.aa:
    int[] $SwitchMap$com$google$gson$stream$JsonToken -> a
com.google.gson.internal.bind.TypeAdapters$4 -> b.b.a.b.a.ca:
    java.lang.Boolean read(com.google.gson.stream.JsonReader) -> b
    java.lang.Object read(com.google.gson.stream.JsonReader) -> a
    void write(com.google.gson.stream.JsonWriter,java.lang.Boolean) -> a
    void write(com.google.gson.stream.JsonWriter,java.lang.Object) -> a
com.google.gson.internal.bind.TypeAdapters$5 -> b.b.a.b.a.da:
    java.lang.Number read(com.google.gson.stream.JsonReader) -> b
    java.lang.Object read(com.google.gson.stream.JsonReader) -> a
    void write(com.google.gson.stream.JsonWriter,java.lang.Number) -> a
    void write(com.google.gson.stream.JsonWriter,java.lang.Object) -> a
com.google.gson.internal.bind.TypeAdapters$6 -> b.b.a.b.a.ea:
    java.lang.Number read(com.google.gson.stream.JsonReader) -> b
    java.lang.Object read(com.google.gson.stream.JsonReader) -> a
    void write(com.google.gson.stream.JsonWriter,java.lang.Number) -> a
    void write(com.google.gson.stream.JsonWriter,java.lang.Object) -> a
com.google.gson.internal.bind.TypeAdapters$7 -> b.b.a.b.a.fa:
    java.lang.Number read(com.google.gson.stream.JsonReader) -> b
    java.lang.Object read(com.google.gson.stream.JsonReader) -> a
    void write(com.google.gson.stream.JsonWriter,java.lang.Number) -> a
    void write(com.google.gson.stream.JsonWriter,java.lang.Object) -> a
com.google.gson.internal.bind.TypeAdapters$8 -> b.b.a.b.a.ga:
    java.lang.Object read(com.google.gson.stream.JsonReader) -> a
    java.util.concurrent.atomic.AtomicInteger read(com.google.gson.stream.JsonReader) -> b
    void write(com.google.gson.stream.JsonWriter,java.lang.Object) -> a
    void write(com.google.gson.stream.JsonWriter,java.util.concurrent.atomic.AtomicInteger) -> a
com.google.gson.internal.bind.TypeAdapters$9 -> b.b.a.b.a.ha:
    java.lang.Object read(com.google.gson.stream.JsonReader) -> a
    java.util.concurrent.atomic.AtomicBoolean read(com.google.gson.stream.JsonReader) -> b
    void write(com.google.gson.stream.JsonWriter,java.lang.Object) -> a
    void write(com.google.gson.stream.JsonWriter,java.util.concurrent.atomic.AtomicBoolean) -> a